FlashPro
Version: 11.9.0.4
Release: v11.9

Software Version: 11.9.0.4
PDB file
'C:\Users\rpuyat\Desktop\ps2_turret_ir_integration\designer\impl1\turret_servos_fp\turret_servo\
s.pdb' has been loaded successfully.
DESIGN : turret_servos;  CHECKSUM : 6983;  PDB_VERSION : 1.9
Driver : 3.0.0 build 1
programmer '79261' : FlashPro3
Warning: The programmer with id '78882' in the project file cannot be detected and connected.
Opened
'C:\Users\rpuyat\Desktop\ps2_turret_ir_integration\designer\impl1\turret_servos_fp\turret_servo\
s.pro'
The 'open_project' command succeeded.
The 'set_programming_file' command succeeded.
The 'set_device_type' command succeeded.
The 'set_device_package' command succeeded.
Info: Adding Flash Memory data from file
      C:\Users\rpuyat\Desktop\ps2_turret_ir_integration\component\work\turret_servo_mss_design\\
      MSS_ENVM_0\MSS_ENVM_0.efc.
Info: Adding FPGA Array data from file
      C:\Users\rpuyat\Desktop\ps2_turret_ir_integration\designer\impl1\turret_servos.fdb.
PDB file
'C:\Users\rpuyat\Desktop\ps2_turret_ir_integration\designer\impl1\turret_servos_fp\turret_servo\
s.pdb' has been loaded successfully.
DESIGN : turret_servos;  CHECKSUM : 6983;  PDB_VERSION : 1.9
The 'update_programming_file' command succeeded.
The 'set_programming_action' command succeeded.
programmer '79261' : Scan Chain...
Error: programmer '79261' : Signal Integrity Failure
       Integrity Check Pattern Not Found.
       Integrity Check Pattern :
       550FAAF000FF0000FFFF
       IrScan Error.
       TDO stuck at 0
       Chain Analysis Failed.
Error: programmer '79261' : Data Bit length : 8272
Error: programmer '79261' : Compare Data  :
       0000000000000000000000000000000000000000000000000000000000000000000000000000000000000000\
       0000000000000000000000000000000000000000000000000000000000000000000000000000000000000000\
       0000000000000000000000000000000000000000000000000000000000000000000000000000000000000000\
       0000000000000000000000000000000000000000000000000000000000000000000000000000000000000000\
       0000000000000000000000000000000000000000000000000000000000000000000000000000000000000000\
       0000000000000000000000000000000000000000000000000000000000000000000000000000000000000000\
       0000000000000000000000000000000000000000000000000000000000000000000000000000000000000000\
       0000000000000000000000000000000000000000000000000000000000000000000000000000000000000000\
       0000000000000000000000000000000000000000000000000000000000000000000000000000000000000000\
       0000000000000000000000000000000000000000000000000000000000000000000000000000000000000000\
       0000000000000000000000000000000000000000000000000000000000000000000000000000000000000000\
       0000000000000000000000000000000000000000000000000000000000000000000000000000000000000000\
       0000000000000000000000000000000000000000000000000000000000000000000000000000000000000000\
       0000000000000000000000000000000000000000000000000000000000000000000000000000000000000000\
       0000000000000000000000000000000000000000000000000000000000000000000000000000000000000000\
       0000000000000000000000000000000000000000000000000000000000000000000000000000000000000000\
       0000000000000000000000000000000000000000000000000000000000000000000000000000000000000000\
       0000000000000000000000000000000000000000000000000000000000000000000000000000000000000000\
       0000000000000000000000000000000000000000000000000000000000000000000000000000000000000000\
       0000000000000000000000000000000000000000000000000000000000000000000000000000000000000000\
       0000000000000000000000000000000000000000000000000000000000000000000000000000000000000000\
       0000000000000000000000000000000000000000000000000000000000000000000000000000000000000000\
       0000000000000000000000000000000000000000000000000000000000000000000000000000000000000000\
       00000000000000000000000000000000000000000000
Error: programmer '79261' : Scan Chain FAILED.
Error: Failed to run Action.
Error: The command 'run_selected_actions' failed.
Error: Failure when executing Tcl script. [ Line 15 ]
Error: The Execute Script command failed.
Project closed.
