Microsemi Libero Software
Version: 11.9.0.4
Release: v11.9

Created a new design.
'BA_NAME' set to 'BUS_INTERFACE_ba'
'IDE_DESIGNERVIEW_NAME' set to 'Impl1'
'IDE_DESIGNERVIEW_COUNT' set to '1'
'IDE_DESIGNERVIEW_REV0' set to 'Impl1'
'IDE_DESIGNERVIEW_REVNUM0' set to '1'
'IDE_DESIGNERVIEW_ROOTDIR' set to 'C:\Users\waierdg\Desktop\turret_servos\designer'
'IDE_DESIGNERVIEW_LASTREV' set to '1'
'DESDIR' set to 'C:/Users/waierdg/Desktop/turret_servos/designer/impl1'
'BA_DIR' set to 'C:/Users/waierdg/Desktop/turret_servos/designer/impl1'
'BA_NETLIST_ALSO' set to '1'
'EDNINFLAVOR' set to 'GENERIC'
'NETLIST_NAMING_STYLE' set to 'VERILOG'
'EXPORT_STATUS_REPORT' set to '1'
'EXPORT_STATUS_REPORT_FILENAME' set to 'BUS_INTERFACE.rpt'
'AUDIT_NETLIST_FILE' set to '1'
'AUDIT_DCF_FILE' set to '1'
'AUDIT_PIN_FILE' set to '1'
'AUDIT_ADL_FILE' set to '1'

 Netlist Reading Time = 0.0 seconds
Imported the file:
   C:\Users\waierdg\Desktop\turret_servos\synthesis\BUS_INTERFACE.edn

The Import command succeeded ( 00:00:01 )
Design saved to file BUS_INTERFACE.adb.
=====================================================================
Parameters used to run compile:
===============================

Family      : SmartFusion
Device      : A2F200M3F
Package     : 484 FBGA
Source      : C:\Users\waierdg\Desktop\turret_servos\synthesis\BUS_INTERFACE.edn
Format      : EDIF
Topcell     : BUS_INTERFACE
Speed grade : STD
Temp        : 0:25:85
Voltage     : 1.58:1.50:1.42

Keep Existing Physical Constraints : No
Keep Existing Timing Constraints   : Yes

pdc_abort_on_error                 : Yes
pdc_eco_display_unmatched_objects  : No
pdc_eco_max_warnings               : 10000

demote_globals                     : No
promote_globals                    : No
localclock_max_shared_instances    : 12
localclock_buffer_tree_max_fanout  : 12

combine_register                   : No
delete_buffer_tree                 : No

report_high_fanout_nets_limit      : 10

=====================================================================
Compile starts ...

Warning: Top level port PADDR<31> is not connected to any IO pad
Warning: Top level port PADDR<30> is not connected to any IO pad
Warning: Top level port PADDR<29> is not connected to any IO pad
Warning: Top level port PADDR<28> is not connected to any IO pad
Warning: Top level port PADDR<27> is not connected to any IO pad
Warning: Top level port PADDR<26> is not connected to any IO pad
Warning: Top level port PADDR<25> is not connected to any IO pad
Warning: Top level port PADDR<24> is not connected to any IO pad
Warning: Top level port PADDR<23> is not connected to any IO pad
Warning: Top level port PADDR<22> is not connected to any IO pad
Warning: Top level port PADDR<21> is not connected to any IO pad
Warning: Top level port PADDR<20> is not connected to any IO pad
Warning: Top level port PADDR<19> is not connected to any IO pad
Warning: Top level port PADDR<18> is not connected to any IO pad
Warning: Top level port PADDR<17> is not connected to any IO pad
Warning: Top level port PADDR<16> is not connected to any IO pad
Warning: Top level port PADDR<15> is not connected to any IO pad
Warning: Top level port PADDR<14> is not connected to any IO pad
Warning: Top level port PADDR<13> is not connected to any IO pad
Warning: Top level port PADDR<12> is not connected to any IO pad
Warning: Top level port PADDR<11> is not connected to any IO pad
Warning: Top level port PADDR<10> is not connected to any IO pad
Warning: Top level port PADDR<9> is not connected to any IO pad
Warning: Top level port PADDR<8> is not connected to any IO pad
Warning: Top level port PWDATA<31> is not connected to any IO pad
Warning: Top level port PWDATA<30> is not connected to any IO pad
Warning: Top level port PWDATA<29> is not connected to any IO pad
Warning: Top level port PWDATA<28> is not connected to any IO pad
Warning: Top level port PWDATA<27> is not connected to any IO pad
Warning: Top level port PWDATA<26> is not connected to any IO pad
Warning: Top level port PWDATA<25> is not connected to any IO pad
Warning: Top level port PWDATA<24> is not connected to any IO pad
Warning: Top level port PWDATA<23> is not connected to any IO pad
Warning: Top level port PWDATA<22> is not connected to any IO pad
Warning: Top level port PWDATA<21> is not connected to any IO pad
Warning: Top level port PWDATA<20> is not connected to any IO pad
Warning: Top level port PWDATA<19> is not connected to any IO pad
Warning: Top level port PWDATA<18> is not connected to any IO pad
Warning: Top level port PWDATA<17> is not connected to any IO pad
Warning: Top level port PWDATA<16> is not connected to any IO pad
Warning: Top level port PWDATA<15> is not connected to any IO pad
Warning: Top level port PWDATA<14> is not connected to any IO pad
Warning: Top level port PWDATA<13> is not connected to any IO pad
Warning: Top level port PWDATA<12> is not connected to any IO pad
Warning: Top level port PWDATA<11> is not connected to any IO pad
Warning: Top level port PWDATA<10> is not connected to any IO pad
Warning: Top level port PWDATA<9> is not connected to any IO pad
Warning: Top level port PWDATA<8> is not connected to any IO pad

Netlist Optimization Report
===========================

Optimized macros:
  - Dangling net drivers:   0
  - Buffers:                0
  - Inverters:              0
  - Tieoff:                 0
  - Logic combining:        16

    Total macros optimized  16

There were 0 error(s) and 48 warning(s) in this design.
=====================================================================
Compile report:
===============

    Microcontroller Subsystem  Used:      0  Total:      1   (0.00%)
    Fabric                     Used:    727  Total:   4608   (15.78%)
    Fabric IO (W/ clocks)      Used:     59  Total:     94   (62.77%)
    Fabric Differential IO     Used:      0  Total:     47   (0.00%)
    Dedicated Analog IO        Used:      0  Total:     32   (0.00%)
    Dedicated MSS IO           Used:      0  Total:     43   (0.00%)
    GLOBAL (Chip+Quadrant)     Used:      1  Total:     15   (6.67%)
    MSS GLOBAL                 Used:      0  Total:      3   (0.00%)
    On-chip RC oscillator      Used:      0  Total:      1   (0.00%)
    Main Crystal oscillator    Used:      0  Total:      1   (0.00%)
    32 KHz Crystal oscillator  Used:      0  Total:      1   (0.00%)
    RAM/FIFO                   Used:      0  Total:      8   (0.00%)
    User JTAG                  Used:      0  Total:      1   (0.00%)

Global Information:

    Type            | Used   | Total
    ----------------|--------|--------------
    Chip global     | 1      | 3  (33.33%)*
    Quadrant global | 0      | 12 (0.00%)
    MSS global      | 0      | 3  (0.00%)

    (*) Chip globals may be assigned to Quadrant globals using the Multi-View Navigator (MVN)
        or Physical Design Constraints (PDC).
        They may also be assigned to Quadrant globals automatically during Layout.

Core Information:

    Type    | Instances    | Core tiles
    --------|--------------|-----------
    COMB    | 591          | 591
    SEQ     | 136          | 136

I/O Function:

    Type                                  | w/o register  | w/ register  | w/ DDR register
    --------------------------------------|---------------|--------------|----------------
    Input I/O                             | 23            | 0            | 0
    Output I/O                            | 36            | 0            | 0
    Bidirectional I/O                     | 0             | 0            | 0
    Differential Input I/O Pairs          | 0             | 0            | 0
    Differential Output I/O Pairs         | 0             | 0            | 0

I/O Technology:

                                    |   Voltages    |             I/Os
    --------------------------------|-------|-------|-------|--------|--------------
    I/O Standard(s)                 | Vcci  | Vref  | Input | Output | Bidirectional
    --------------------------------|-------|-------|-------|--------|--------------
    LVTTL                           | 3.30v | N/A   | 23    | 36     | 0

I/O Placement:

    Locked  :   0
    Placed  :   0
    UnPlaced:  59 ( 100.00% )

Net information report:
=======================

The following nets have been assigned to a chip global resource:
    Fanout  Type          Name
    --------------------------
    136     CLK_NET       Net   : PCLK_c
                          Driver: PCLK_pad
                          Source: NETLIST

High fanout nets in the post compile netlist:
    Fanout  Type          Name
    --------------------------
    17      INT_NET       Net   : b2/N_36_i
                          Driver: b2/sync_RNIJOVG[1]
    17      INT_NET       Net   : b1/N_36_i
                          Driver: b1/sync_RNIH9E4[1]
    16      INT_NET       Net   : PRESERN_c
                          Driver: PRESERN_pad
    15      INT_NET       Net   : Servo_write_1
                          Driver: un4_pulseWidth1_0_27_m8
    15      INT_NET       Net   : Servo_write_2
                          Driver: un4_pulseWidth1_0_27_m9_0
    15      INT_NET       Net   : PRESERN_c_0
                          Driver: PRESERN_pad_RNIJQT
    9       INT_NET       Net   : p1/count[3]
                          Driver: p1/count[3]
    9       INT_NET       Net   : p1/count[4]
                          Driver: p1/count[4]
    9       INT_NET       Net   : p/count[3]
                          Driver: p/count[3]
    9       INT_NET       Net   : p/count[4]
                          Driver: p/count[4]

Nets that are candidates for clock assignment and the resulting fanout:
    Fanout  Type          Name
    --------------------------
    30      INT_NET       Net   : PRESERN_c
                          Driver: PRESERN_pad
    17      INT_NET       Net   : b2/N_36_i
                          Driver: b2/sync_RNIJOVG[1]
    17      INT_NET       Net   : b1/N_36_i
                          Driver: b1/sync_RNIH9E4[1]
    15      INT_NET       Net   : Servo_write_1
                          Driver: un4_pulseWidth1_0_27_m8
    15      INT_NET       Net   : Servo_write_2
                          Driver: un4_pulseWidth1_0_27_m9_0
    9       INT_NET       Net   : p1/count[3]
                          Driver: p1/count[3]
    9       INT_NET       Net   : p1/count[4]
                          Driver: p1/count[4]
    9       INT_NET       Net   : p/count[3]
                          Driver: p/count[3]
    9       INT_NET       Net   : p/count[4]
                          Driver: p/count[4]
    8       INT_NET       Net   : PWDATA_c[3]
                          Driver: PWDATA_pad[3]

The Compile command succeeded ( 00:00:00 )
Wrote status report to file: BUS_INTERFACE_compile_report.txt

The Report command succeeded ( 00:00:00 )
Wrote pin report to file: BUS_INTERFACE_report_pin_byname.txt

The Report command succeeded ( 00:00:01 )
Wrote pin report to file: BUS_INTERFACE_report_pin_bynumber.txt

The Report command succeeded ( 00:00:01 )
Design saved to file C:\Users\waierdg\Desktop\turret_servos\designer\impl1\BUS_INTERFACE.adb.

The Execute Script command succeeded ( 00:00:06 )
Design closed.

