
Starting:    C:\Microsemi\Libero_SoC_v11.9\SynplifyPro\bin64\mbin\synplify.exe
Install:     C:\Microsemi\Libero_SoC_v11.9\SynplifyPro
Hostname:    EECS373-09
Date:        Tue Apr 09 18:38:26 2019
Version:     L-2016.09M-SP1-5

Arguments:   -product synplify_pro turret_servos_syn.tcl
ProductType: synplify_pro

License checkout: synplifypro_actel
License: synplifypro_actel node-locked 
Licensed Vendor: actel
License Option: actel_oem



Warning: File already exists in project: "C:\Users\waierdg\Desktop\ps2_turret_ir_integration\component\work\turret_servo_mss_design\mss_tshell_syn.sdc"
Warning: File already exists in project: "C:\Users\waierdg\Desktop\ps2_turret_ir_integration\component\work\turret_servo_mss_design\mss_tshell_syn.sdc"
Warning: File already exists in project: "C:\Users\waierdg\Desktop\ps2_turret_ir_integration\component\work\turret_servo_mss_design\mss_tshell_syn.sdc"
Warning: File already exists in project: "C:\Users\waierdg\Desktop\ps2_turret_ir_integration\component\work\turret_servo_mss_design\mss_tshell_syn.sdc"
Warning: File already exists in project: "C:\Users\waierdg\Desktop\ps2_turret_ir_integration\component\work\turret_servo_mss_design\mss_tshell_syn.sdc"
Warning: File already exists in project: "C:\Users\waierdg\Desktop\ps2_turret_ir_integration\component\work\turret_servo_mss_design\mss_tshell_syn.sdc"
Warning: File already exists in project: "C:\Users\waierdg\Desktop\ps2_turret_ir_integration\component\work\turret_servo_mss_design\mss_tshell_syn.sdc"
Warning: File already exists in project: "C:\Users\waierdg\Desktop\ps2_turret_ir_integration\component\work\turret_servo_mss_design\mss_tshell_syn.sdc"
Warning: File already exists in project: "C:\Users\waierdg\Desktop\ps2_turret_ir_integration\component\work\turret_servo_mss_design\mss_tshell_syn.sdc"
Warning: File already exists in project: "C:\Users\waierdg\Desktop\ps2_turret_ir_integration\component\work\turret_servo_mss_design\mss_tshell_syn.sdc"
Warning: File already exists in project: "C:\Users\waierdg\Desktop\ps2_turret_ir_integration\component\work\turret_servo_mss_design\mss_tshell_syn.sdc"
Warning: File already exists in project: "C:\Users\waierdg\Desktop\ps2_turret_ir_integration\component\work\turret_servo_mss_design\mss_tshell_syn.sdc"
Warning: File already exists in project: "C:\Users\waierdg\Desktop\ps2_turret_ir_integration\component\work\turret_servo_mss_design\mss_tshell_syn.sdc"
Warning: File already exists in project: "C:\Users\waierdg\Desktop\ps2_turret_ir_integration\component\work\turret_servo_mss_design\mss_tshell_syn.sdc"
Warning: File already exists in project: "C:\Users\waierdg\Desktop\ps2_turret_ir_integration\component\work\turret_servo_mss_design\mss_tshell_syn.sdc"
Warning: File already exists in project: "C:\Users\waierdg\Desktop\ps2_turret_ir_integration\component\work\turret_servo_mss_design\mss_tshell_syn.sdc"
Warning: File already exists in project: "C:\Users\waierdg\Desktop\ps2_turret_ir_integration\component\work\turret_servo_mss_design\mss_tshell_syn.sdc"
Warning: File already exists in project: "C:\Users\waierdg\Desktop\ps2_turret_ir_integration\component\work\turret_servo_mss_design\mss_tshell_syn.sdc"
Warning: File already exists in project: "C:\Users\waierdg\Desktop\ps2_turret_ir_integration\component\work\turret_servo_mss_design\mss_tshell_syn.sdc"
Warning: File already exists in project: "C:\Users\waierdg\Desktop\ps2_turret_ir_integration\component\work\turret_servo_mss_design\mss_tshell_syn.sdc"
Warning: File already exists in project: "C:\Users\waierdg\Desktop\ps2_turret_ir_integration\component\work\turret_servo_mss_design\mss_tshell_syn.sdc"
Warning: File already exists in project: "C:\Users\waierdg\Desktop\ps2_turret_ir_integration\component\work\turret_servo_mss_design\mss_tshell_syn.sdc"
Warning: File already exists in project: "C:\Users\waierdg\Desktop\ps2_turret_ir_integration\component\work\turret_servo_mss_design\mss_tshell_syn.sdc"
Warning: File already exists in project: "C:\Users\waierdg\Desktop\ps2_turret_ir_integration\component\work\turret_servo_mss_design\mss_tshell_syn.sdc"
Warning: File already exists in project: "C:\Users\waierdg\Desktop\ps2_turret_ir_integration\component\work\turret_servo_mss_design\mss_tshell_syn.sdc"
Warning: File already exists in project: "C:\Users\waierdg\Desktop\ps2_turret_ir_integration\component\work\turret_servo_mss_design\mss_tshell_syn.sdc"
Warning: File already exists in project: "C:\Users\waierdg\Desktop\ps2_turret_ir_integration\component\work\turret_servo_mss_design\mss_tshell_syn.sdc"
Warning: File already exists in project: "C:\Users\waierdg\Desktop\ps2_turret_ir_integration\component\work\turret_servo_mss_design\mss_tshell_syn.sdc"
Warning: File already exists in project: "C:\Users\waierdg\Desktop\ps2_turret_ir_integration\component\work\turret_servo_mss_design\mss_tshell_syn.sdc"
Warning: File already exists in project: "C:\Users\waierdg\Desktop\ps2_turret_ir_integration\component\work\turret_servo_mss_design\mss_tshell_syn.sdc"
Warning: File already exists in project: "C:\Users\waierdg\Desktop\ps2_turret_ir_integration\component\work\turret_servo_mss_design\mss_tshell_syn.sdc"
Warning: File already exists in project: "C:\Users\waierdg\Desktop\ps2_turret_ir_integration\component\work\turret_servo_mss_design\mss_tshell_syn.sdc"
Warning: File already exists in project: "C:\Users\waierdg\Desktop\ps2_turret_ir_integration\component\work\turret_servo_mss_design\mss_tshell_syn.sdc"
Warning: File already exists in project: "C:\Users\waierdg\Desktop\ps2_turret_ir_integration\component\work\turret_servo_mss_design\mss_tshell_syn.sdc"
Warning: File already exists in project: "C:\Users\waierdg\Desktop\ps2_turret_ir_integration\component\work\turret_servo_mss_design\mss_tshell_syn.sdc"
Warning: File already exists in project: "C:\Users\waierdg\Desktop\ps2_turret_ir_integration\component\work\turret_servo_mss_design\mss_tshell_syn.sdc"
Warning: File already exists in project: "C:\Users\waierdg\Desktop\ps2_turret_ir_integration\component\work\turret_servo_mss_design\mss_tshell_syn.sdc"
Warning: File already exists in project: "C:\Users\waierdg\Desktop\ps2_turret_ir_integration\component\work\turret_servo_mss_design\mss_tshell_syn.sdc"
Warning: File already exists in project: "C:\Users\waierdg\Desktop\ps2_turret_ir_integration\component\work\turret_servo_mss_design\mss_tshell_syn.sdc"
Warning: File already exists in project: "C:\Users\waierdg\Desktop\ps2_turret_ir_integration\component\work\turret_servo_mss_design\mss_tshell_syn.sdc"
Warning: File already exists in project: "C:\Users\waierdg\Desktop\ps2_turret_ir_integration\component\work\turret_servo_mss_design\mss_tshell_syn.sdc"
Warning: File already exists in project: "C:\Users\waierdg\Desktop\ps2_turret_ir_integration\component\work\turret_servo_mss_design\mss_tshell_syn.sdc"
Warning: File already exists in project: "C:\Users\waierdg\Desktop\ps2_turret_ir_integration\component\work\turret_servo_mss_design\mss_tshell_syn.sdc"
Warning: File already exists in project: "C:\Users\waierdg\Desktop\ps2_turret_ir_integration\component\work\turret_servo_mss_design\mss_tshell_syn.sdc"
Warning: File already exists in project: "C:\Users\waierdg\Desktop\ps2_turret_ir_integration\component\work\turret_servo_mss_design\mss_tshell_syn.sdc"
Warning: File already exists in project: "C:\Users\waierdg\Desktop\ps2_turret_ir_integration\component\work\turret_servo_mss_design\mss_tshell_syn.sdc"
Warning: File already exists in project: "C:\Users\waierdg\Desktop\ps2_turret_ir_integration\component\work\turret_servo_mss_design\mss_tshell_syn.sdc"
Warning: File already exists in project: "C:\Users\waierdg\Desktop\ps2_turret_ir_integration\component\work\turret_servo_mss_design\mss_tshell_syn.sdc"
Warning: File already exists in project: "C:\Users\waierdg\Desktop\ps2_turret_ir_integration\component\work\turret_servo_mss_design\mss_tshell_syn.sdc"
Warning: File already exists in project: "C:\Users\waierdg\Desktop\ps2_turret_ir_integration\component\work\turret_servo_mss_design\mss_tshell_syn.sdc"
Warning: File already exists in project: "C:\Users\waierdg\Desktop\ps2_turret_ir_integration\component\work\turret_servo_mss_design\mss_tshell_syn.sdc"
Warning: File already exists in project: "C:\Users\waierdg\Desktop\ps2_turret_ir_integration\component\work\turret_servo_mss_design\mss_tshell_syn.sdc"
Warning: File already exists in project: "C:\Users\waierdg\Desktop\ps2_turret_ir_integration\component\work\turret_servo_mss_design\mss_tshell_syn.sdc"
Warning: File already exists in project: "C:\Users\waierdg\Desktop\ps2_turret_ir_integration\component\work\turret_servo_mss_design\mss_tshell_syn.sdc"
Warning: File already exists in project: "C:\Users\waierdg\Desktop\ps2_turret_ir_integration\component\work\turret_servo_mss_design\mss_tshell_syn.sdc"
Warning: File already exists in project: "C:\Users\waierdg\Desktop\ps2_turret_ir_integration\component\work\turret_servo_mss_design\mss_tshell_syn.sdc"
Warning: File already exists in project: "C:\Users\waierdg\Desktop\ps2_turret_ir_integration\component\work\turret_servo_mss_design\mss_tshell_syn.sdc"
Warning: File already exists in project: "C:\Users\waierdg\Desktop\ps2_turret_ir_integration\component\work\turret_servo_mss_design\mss_tshell_syn.sdc"
Warning: File already exists in project: "C:\Users\waierdg\Desktop\ps2_turret_ir_integration\component\work\turret_servo_mss_design\mss_tshell_syn.sdc"
Warning: File already exists in project: "C:\Users\waierdg\Desktop\ps2_turret_ir_integration\component\work\turret_servo_mss_design\mss_tshell_syn.sdc"
Warning: File already exists in project: "C:\Users\waierdg\Desktop\ps2_turret_ir_integration\component\work\turret_servo_mss_design\mss_tshell_syn.sdc"
Warning: File already exists in project: "C:\Users\waierdg\Desktop\ps2_turret_ir_integration\component\work\turret_servo_mss_design\mss_tshell_syn.sdc"
Warning: File already exists in project: "C:\Users\waierdg\Desktop\ps2_turret_ir_integration\component\work\turret_servo_mss_design\mss_tshell_syn.sdc"
Warning: File already exists in project: "C:\Users\waierdg\Desktop\ps2_turret_ir_integration\component\work\turret_servo_mss_design\mss_tshell_syn.sdc"
Warning: File already exists in project: "C:\Users\waierdg\Desktop\ps2_turret_ir_integration\component\work\turret_servo_mss_design\mss_tshell_syn.sdc"
Warning: File already exists in project: "C:\Users\waierdg\Desktop\ps2_turret_ir_integration\component\work\turret_servo_mss_design\mss_tshell_syn.sdc"
Warning: File already exists in project: "C:\Users\waierdg\Desktop\ps2_turret_ir_integration\component\work\turret_servo_mss_design\mss_tshell_syn.sdc"
Warning: File already exists in project: "C:\Users\waierdg\Desktop\ps2_turret_ir_integration\component\work\turret_servo_mss_design\mss_tshell_syn.sdc"
Warning: File already exists in project: "C:\Users\waierdg\Desktop\ps2_turret_ir_integration\component\work\turret_servo_mss_design\mss_tshell_syn.sdc"
Warning: File already exists in project: "C:\Users\waierdg\Desktop\ps2_turret_ir_integration\component\work\turret_servo_mss_design\mss_tshell_syn.sdc"
Warning: File already exists in project: "C:\Users\waierdg\Desktop\ps2_turret_ir_integration\component\work\turret_servo_mss_design\mss_tshell_syn.sdc"
Warning: File already exists in project: "C:\Users\waierdg\Desktop\ps2_turret_ir_integration\component\work\turret_servo_mss_design\mss_tshell_syn.sdc"
Warning: File already exists in project: "C:\Users\waierdg\Desktop\ps2_turret_ir_integration\component\work\turret_servo_mss_design\mss_tshell_syn.sdc"
Warning: File already exists in project: "C:\Users\waierdg\Desktop\ps2_turret_ir_integration\component\work\turret_servo_mss_design\mss_tshell_syn.sdc"
Warning: File already exists in project: "C:\Users\waierdg\Desktop\ps2_turret_ir_integration\component\work\turret_servo_mss_design\mss_tshell_syn.sdc"
Warning: File already exists in project: "C:\Users\waierdg\Desktop\ps2_turret_ir_integration\component\work\turret_servo_mss_design\mss_tshell_syn.sdc"
Warning: File already exists in project: "C:\Users\waierdg\Desktop\ps2_turret_ir_integration\component\work\turret_servo_mss_design\mss_tshell_syn.sdc"
Warning: File already exists in project: "C:\Users\waierdg\Desktop\ps2_turret_ir_integration\component\work\turret_servo_mss_design\mss_tshell_syn.sdc"
Warning: File already exists in project: "C:\Users\waierdg\Desktop\ps2_turret_ir_integration\component\work\turret_servo_mss_design\mss_tshell_syn.sdc"
Warning: File already exists in project: "C:\Users\waierdg\Desktop\ps2_turret_ir_integration\component\work\turret_servo_mss_design\mss_tshell_syn.sdc"
Warning: File already exists in project: "C:\Users\waierdg\Desktop\ps2_turret_ir_integration\component\work\turret_servo_mss_design\mss_tshell_syn.sdc"
Warning: File already exists in project: "C:\Users\waierdg\Desktop\ps2_turret_ir_integration\component\work\turret_servo_mss_design\mss_tshell_syn.sdc"
Warning: File already exists in project: "C:\Users\waierdg\Desktop\ps2_turret_ir_integration\component\work\turret_servo_mss_design\mss_tshell_syn.sdc"
Warning: File already exists in project: "C:\Users\waierdg\Desktop\ps2_turret_ir_integration\component\work\turret_servo_mss_design\mss_tshell_syn.sdc"
Warning: File already exists in project: "C:\Users\waierdg\Desktop\ps2_turret_ir_integration\component\work\turret_servo_mss_design\mss_tshell_syn.sdc"
Warning: File already exists in project: "C:\Users\waierdg\Desktop\ps2_turret_ir_integration\component\work\turret_servo_mss_design\mss_tshell_syn.sdc"
Warning: File already exists in project: "C:\Users\waierdg\Desktop\ps2_turret_ir_integration\component\work\turret_servo_mss_design\mss_tshell_syn.sdc"
Warning: File already exists in project: "C:\Users\waierdg\Desktop\ps2_turret_ir_integration\component\work\turret_servo_mss_design\mss_tshell_syn.sdc"
Warning: File already exists in project: "C:\Users\waierdg\Desktop\ps2_turret_ir_integration\component\work\turret_servo_mss_design\mss_tshell_syn.sdc"
Warning: File already exists in project: "C:\Users\waierdg\Desktop\ps2_turret_ir_integration\component\work\turret_servo_mss_design\mss_tshell_syn.sdc"
Warning: File already exists in project: "C:\Users\waierdg\Desktop\ps2_turret_ir_integration\component\work\turret_servo_mss_design\mss_tshell_syn.sdc"
Warning: File already exists in project: "C:\Users\waierdg\Desktop\ps2_turret_ir_integration\component\work\turret_servo_mss_design\mss_tshell_syn.sdc"
Warning: File already exists in project: "C:\Users\waierdg\Desktop\ps2_turret_ir_integration\component\work\turret_servo_mss_design\mss_tshell_syn.sdc"
Warning: File already exists in project: "C:\Users\waierdg\Desktop\ps2_turret_ir_integration\component\work\turret_servo_mss_design\mss_tshell_syn.sdc"
Warning: File already exists in project: "C:\Users\waierdg\Desktop\ps2_turret_ir_integration\component\work\turret_servo_mss_design\mss_tshell_syn.sdc"
Warning: File already exists in project: "C:\Users\waierdg\Desktop\ps2_turret_ir_integration\component\work\turret_servo_mss_design\mss_tshell_syn.sdc"
Warning: File already exists in project: "C:\Users\waierdg\Desktop\ps2_turret_ir_integration\component\work\turret_servo_mss_design\mss_tshell_syn.sdc"
Warning: File already exists in project: "C:\Users\waierdg\Desktop\ps2_turret_ir_integration\component\work\turret_servo_mss_design\mss_tshell_syn.sdc"
Warning: File already exists in project: "C:\Users\waierdg\Desktop\ps2_turret_ir_integration\component\work\turret_servo_mss_design\mss_tshell_syn.sdc"
Warning: File already exists in project: "C:\Users\waierdg\Desktop\ps2_turret_ir_integration\component\work\turret_servo_mss_design\mss_tshell_syn.sdc"
Warning: File already exists in project: "C:\Users\waierdg\Desktop\ps2_turret_ir_integration\component\work\turret_servo_mss_design\mss_tshell_syn.sdc"
Warning: File already exists in project: "C:\Users\waierdg\Desktop\ps2_turret_ir_integration\component\work\turret_servo_mss_design\mss_tshell_syn.sdc"
Warning: File already exists in project: "C:\Users\waierdg\Desktop\ps2_turret_ir_integration\component\work\turret_servo_mss_design\mss_tshell_syn.sdc"
Warning: File already exists in project: "C:\Users\waierdg\Desktop\ps2_turret_ir_integration\component\work\turret_servo_mss_design\mss_tshell_syn.sdc"
Warning: File already exists in project: "C:\Users\waierdg\Desktop\ps2_turret_ir_integration\component\work\turret_servo_mss_design\mss_tshell_syn.sdc"
Warning: File already exists in project: "C:\Users\waierdg\Desktop\ps2_turret_ir_integration\component\work\turret_servo_mss_design\mss_tshell_syn.sdc"
Warning: File already exists in project: "C:\Users\waierdg\Desktop\ps2_turret_ir_integration\component\work\turret_servo_mss_design\mss_tshell_syn.sdc"
Warning: File already exists in project: "C:\Users\waierdg\Desktop\ps2_turret_ir_integration\component\work\turret_servo_mss_design\mss_tshell_syn.sdc"
Warning: File already exists in project: "C:\Users\waierdg\Desktop\ps2_turret_ir_integration\component\work\turret_servo_mss_design\mss_tshell_syn.sdc"
Warning: File already exists in project: "C:\Users\waierdg\Desktop\ps2_turret_ir_integration\component\work\turret_servo_mss_design\mss_tshell_syn.sdc"
Warning: File already exists in project: "C:\Users\waierdg\Desktop\ps2_turret_ir_integration\component\work\turret_servo_mss_design\mss_tshell_syn.sdc"
Warning: File already exists in project: "C:\Users\waierdg\Desktop\ps2_turret_ir_integration\component\work\turret_servo_mss_design\mss_tshell_syn.sdc"
Warning: File already exists in project: "C:\Users\waierdg\Desktop\ps2_turret_ir_integration\component\work\turret_servo_mss_design\mss_tshell_syn.sdc"
Warning: File already exists in project: "C:\Users\waierdg\Desktop\ps2_turret_ir_integration\component\work\turret_servo_mss_design\mss_tshell_syn.sdc"
Warning: File already exists in project: "C:\Users\waierdg\Desktop\ps2_turret_ir_integration\component\work\turret_servo_mss_design\mss_tshell_syn.sdc"
Warning: File already exists in project: "C:\Users\waierdg\Desktop\ps2_turret_ir_integration\component\work\turret_servo_mss_design\mss_tshell_syn.sdc"
Warning: File already exists in project: "C:\Users\waierdg\Desktop\ps2_turret_ir_integration\component\work\turret_servo_mss_design\mss_tshell_syn.sdc"
Warning: File already exists in project: "C:\Users\waierdg\Desktop\ps2_turret_ir_integration\component\work\turret_servo_mss_design\mss_tshell_syn.sdc"
Warning: File already exists in project: "C:\Users\waierdg\Desktop\ps2_turret_ir_integration\component\work\turret_servo_mss_design\mss_tshell_syn.sdc"
Warning: File already exists in project: "C:\Users\waierdg\Desktop\ps2_turret_ir_integration\component\work\turret_servo_mss_design\mss_tshell_syn.sdc"
Warning: File already exists in project: "C:\Users\waierdg\Desktop\ps2_turret_ir_integration\component\work\turret_servo_mss_design\mss_tshell_syn.sdc"
Warning: File already exists in project: "C:\Users\waierdg\Desktop\ps2_turret_ir_integration\component\work\turret_servo_mss_design\mss_tshell_syn.sdc"
Warning: File already exists in project: "C:\Users\waierdg\Desktop\ps2_turret_ir_integration\component\work\turret_servo_mss_design\mss_tshell_syn.sdc"
Warning: File already exists in project: "C:\Users\waierdg\Desktop\ps2_turret_ir_integration\component\work\turret_servo_mss_design\mss_tshell_syn.sdc"
Warning: File already exists in project: "C:\Users\waierdg\Desktop\ps2_turret_ir_integration\component\work\turret_servo_mss_design\mss_tshell_syn.sdc"
Warning: File already exists in project: "C:\Users\waierdg\Desktop\ps2_turret_ir_integration\component\work\turret_servo_mss_design\mss_tshell_syn.sdc"
Warning: File already exists in project: "C:\Users\waierdg\Desktop\ps2_turret_ir_integration\component\work\turret_servo_mss_design\mss_tshell_syn.sdc"
Warning: File already exists in project: "C:\Users\waierdg\Desktop\ps2_turret_ir_integration\component\work\turret_servo_mss_design\mss_tshell_syn.sdc"
Warning: File already exists in project: "C:\Users\waierdg\Desktop\ps2_turret_ir_integration\component\work\turret_servo_mss_design\mss_tshell_syn.sdc"
Warning: File already exists in project: "C:\Users\waierdg\Desktop\ps2_turret_ir_integration\component\work\turret_servo_mss_design\mss_tshell_syn.sdc"
Warning: File already exists in project: "C:\Users\waierdg\Desktop\ps2_turret_ir_integration\component\work\turret_servo_mss_design\mss_tshell_syn.sdc"
Warning: File already exists in project: "C:\Users\waierdg\Desktop\ps2_turret_ir_integration\component\work\turret_servo_mss_design\mss_tshell_syn.sdc"
Warning: File already exists in project: "C:\Users\waierdg\Desktop\ps2_turret_ir_integration\component\work\turret_servo_mss_design\mss_tshell_syn.sdc"
Warning: File already exists in project: "C:\Users\waierdg\Desktop\ps2_turret_ir_integration\component\work\turret_servo_mss_design\mss_tshell_syn.sdc"
Warning: File already exists in project: "C:\Users\waierdg\Desktop\ps2_turret_ir_integration\component\work\turret_servo_mss_design\mss_tshell_syn.sdc"
Warning: File already exists in project: "C:\Users\waierdg\Desktop\ps2_turret_ir_integration\component\work\turret_servo_mss_design\mss_tshell_syn.sdc"
Warning: File already exists in project: "C:\Users\waierdg\Desktop\ps2_turret_ir_integration\component\work\turret_servo_mss_design\mss_tshell_syn.sdc"
Warning: File already exists in project: "C:\Users\waierdg\Desktop\ps2_turret_ir_integration\component\work\turret_servo_mss_design\mss_tshell_syn.sdc"
Warning: File already exists in project: "C:\Users\waierdg\Desktop\ps2_turret_ir_integration\component\work\turret_servo_mss_design\mss_tshell_syn.sdc"
Warning: File already exists in project: "C:\Users\waierdg\Desktop\ps2_turret_ir_integration\component\work\turret_servo_mss_design\mss_tshell_syn.sdc"
Warning: File already exists in project: "C:\Users\waierdg\Desktop\ps2_turret_ir_integration\component\work\turret_servo_mss_design\mss_tshell_syn.sdc"
Warning: File already exists in project: "C:\Users\waierdg\Desktop\ps2_turret_ir_integration\component\work\turret_servo_mss_design\mss_tshell_syn.sdc"
Warning: File already exists in project: "C:\Users\waierdg\Desktop\ps2_turret_ir_integration\component\work\turret_servo_mss_design\mss_tshell_syn.sdc"
Warning: File already exists in project: "C:\Users\waierdg\Desktop\ps2_turret_ir_integration\component\work\turret_servo_mss_design\mss_tshell_syn.sdc"
Warning: File already exists in project: "C:\Users\waierdg\Desktop\ps2_turret_ir_integration\component\work\turret_servo_mss_design\mss_tshell_syn.sdc"
Warning: File already exists in project: "C:\Users\waierdg\Desktop\ps2_turret_ir_integration\component\work\turret_servo_mss_design\mss_tshell_syn.sdc"
Warning: File already exists in project: "C:\Users\waierdg\Desktop\ps2_turret_ir_integration\component\work\turret_servo_mss_design\mss_tshell_syn.sdc"
Warning: File already exists in project: "C:\Users\waierdg\Desktop\ps2_turret_ir_integration\component\work\turret_servo_mss_design\mss_tshell_syn.sdc"
Warning: File already exists in project: "C:\Users\waierdg\Desktop\ps2_turret_ir_integration\component\work\turret_servo_mss_design\mss_tshell_syn.sdc"
Warning: File already exists in project: "C:\Users\waierdg\Desktop\ps2_turret_ir_integration\component\work\turret_servo_mss_design\mss_tshell_syn.sdc"
Warning: File already exists in project: "C:\Users\waierdg\Desktop\ps2_turret_ir_integration\component\work\turret_servo_mss_design\mss_tshell_syn.sdc"
Warning: File already exists in project: "C:\Users\waierdg\Desktop\ps2_turret_ir_integration\component\work\turret_servo_mss_design\mss_tshell_syn.sdc"
Warning: File already exists in project: "C:\Users\waierdg\Desktop\ps2_turret_ir_integration\component\work\turret_servo_mss_design\mss_tshell_syn.sdc"
Warning: File already exists in project: "C:\Users\waierdg\Desktop\ps2_turret_ir_integration\component\work\turret_servo_mss_design\mss_tshell_syn.sdc"
Warning: File already exists in project: "C:\Users\waierdg\Desktop\ps2_turret_ir_integration\component\work\turret_servo_mss_design\mss_tshell_syn.sdc"
Warning: File already exists in project: "C:\Users\waierdg\Desktop\ps2_turret_ir_integration\component\work\turret_servo_mss_design\mss_tshell_syn.sdc"
Warning: File already exists in project: "C:\Users\waierdg\Desktop\ps2_turret_ir_integration\component\work\turret_servo_mss_design\mss_tshell_syn.sdc"
Warning: File already exists in project: "C:\Users\waierdg\Desktop\ps2_turret_ir_integration\component\work\turret_servo_mss_design\mss_tshell_syn.sdc"
Warning: File already exists in project: "C:\Users\waierdg\Desktop\ps2_turret_ir_integration\component\work\turret_servo_mss_design\mss_tshell_syn.sdc"
Warning: File already exists in project: "C:\Users\waierdg\Desktop\ps2_turret_ir_integration\component\work\turret_servo_mss_design\mss_tshell_syn.sdc"
Warning: File already exists in project: "C:\Users\waierdg\Desktop\ps2_turret_ir_integration\component\work\turret_servo_mss_design\mss_tshell_syn.sdc"
Warning: File already exists in project: "C:\Users\waierdg\Desktop\ps2_turret_ir_integration\component\work\turret_servo_mss_design\mss_tshell_syn.sdc"
Warning: File already exists in project: "C:\Users\waierdg\Desktop\ps2_turret_ir_integration\component\work\turret_servo_mss_design\mss_tshell_syn.sdc"
Warning: File already exists in project: "C:\Users\waierdg\Desktop\ps2_turret_ir_integration\component\work\turret_servo_mss_design\mss_tshell_syn.sdc"
Warning: File already exists in project: "C:\Users\waierdg\Desktop\ps2_turret_ir_integration\component\work\turret_servo_mss_design\mss_tshell_syn.sdc"
Warning: File already exists in project: "C:\Users\waierdg\Desktop\ps2_turret_ir_integration\component\work\turret_servo_mss_design\mss_tshell_syn.sdc"
Warning: File already exists in project: "C:\Users\waierdg\Desktop\ps2_turret_ir_integration\component\work\turret_servo_mss_design\mss_tshell_syn.sdc"
Warning: File already exists in project: "C:\Users\waierdg\Desktop\ps2_turret_ir_integration\component\work\turret_servo_mss_design\mss_tshell_syn.sdc"
Warning: File already exists in project: "C:\Users\waierdg\Desktop\ps2_turret_ir_integration\component\work\turret_servo_mss_design\mss_tshell_syn.sdc"
Warning: File already exists in project: "C:\Users\waierdg\Desktop\ps2_turret_ir_integration\component\work\turret_servo_mss_design\mss_tshell_syn.sdc"
Warning: File already exists in project: "C:\Users\waierdg\Desktop\ps2_turret_ir_integration\component\work\turret_servo_mss_design\mss_tshell_syn.sdc"
Warning: File already exists in project: "C:\Users\waierdg\Desktop\ps2_turret_ir_integration\component\work\turret_servo_mss_design\mss_tshell_syn.sdc"
Warning: File already exists in project: "C:\Users\waierdg\Desktop\ps2_turret_ir_integration\component\work\turret_servo_mss_design\mss_tshell_syn.sdc"
Warning: File already exists in project: "C:\Users\waierdg\Desktop\ps2_turret_ir_integration\component\work\turret_servo_mss_design\mss_tshell_syn.sdc"
Warning: File already exists in project: "C:\Users\waierdg\Desktop\ps2_turret_ir_integration\component\work\turret_servo_mss_design\mss_tshell_syn.sdc"
Warning: File already exists in project: "C:\Users\waierdg\Desktop\ps2_turret_ir_integration\component\work\turret_servo_mss_design\mss_tshell_syn.sdc"
Warning: File already exists in project: "C:\Users\waierdg\Desktop\ps2_turret_ir_integration\component\work\turret_servo_mss_design\mss_tshell_syn.sdc"
Warning: File already exists in project: "C:\Users\waierdg\Desktop\ps2_turret_ir_integration\component\work\turret_servo_mss_design\mss_tshell_syn.sdc"
Warning: File already exists in project: "C:\Users\waierdg\Desktop\ps2_turret_ir_integration\component\work\turret_servo_mss_design\mss_tshell_syn.sdc"
Warning: File already exists in project: "C:\Users\waierdg\Desktop\ps2_turret_ir_integration\component\work\turret_servo_mss_design\mss_tshell_syn.sdc"
Warning: File already exists in project: "C:\Users\waierdg\Desktop\ps2_turret_ir_integration\component\work\turret_servo_mss_design\mss_tshell_syn.sdc"
Warning: File already exists in project: "C:\Users\waierdg\Desktop\ps2_turret_ir_integration\component\work\turret_servo_mss_design\mss_tshell_syn.sdc"
Warning: File already exists in project: "C:\Users\waierdg\Desktop\ps2_turret_ir_integration\component\work\turret_servo_mss_design\mss_tshell_syn.sdc"
Warning: File already exists in project: "C:\Users\waierdg\Desktop\ps2_turret_ir_integration\component\work\turret_servo_mss_design\mss_tshell_syn.sdc"
Warning: File already exists in project: "C:\Users\waierdg\Desktop\ps2_turret_ir_integration\component\work\turret_servo_mss_design\mss_tshell_syn.sdc"
Warning: File already exists in project: "C:\Users\waierdg\Desktop\ps2_turret_ir_integration\component\work\turret_servo_mss_design\mss_tshell_syn.sdc"
Warning: File already exists in project: "C:\Users\waierdg\Desktop\ps2_turret_ir_integration\component\work\turret_servo_mss_design\mss_tshell_syn.sdc"
Warning: File already exists in project: "C:\Users\waierdg\Desktop\ps2_turret_ir_integration\component\work\turret_servo_mss_design\mss_tshell_syn.sdc"
Warning: File already exists in project: "C:\Users\waierdg\Desktop\ps2_turret_ir_integration\component\work\turret_servo_mss_design\mss_tshell_syn.sdc"
Warning: File already exists in project: "C:\Users\waierdg\Desktop\ps2_turret_ir_integration\component\work\turret_servo_mss_design\mss_tshell_syn.sdc"
Warning: File already exists in project: "C:\Users\waierdg\Desktop\ps2_turret_ir_integration\component\work\turret_servo_mss_design\mss_tshell_syn.sdc"
Warning: File already exists in project: "C:\Users\waierdg\Desktop\ps2_turret_ir_integration\component\work\turret_servo_mss_design\mss_tshell_syn.sdc"
Warning: File already exists in project: "C:\Users\waierdg\Desktop\ps2_turret_ir_integration\component\work\turret_servo_mss_design\mss_tshell_syn.sdc"
Warning: File already exists in project: "C:\Users\waierdg\Desktop\ps2_turret_ir_integration\component\work\turret_servo_mss_design\mss_tshell_syn.sdc"
Warning: File already exists in project: "C:\Users\waierdg\Desktop\ps2_turret_ir_integration\component\work\turret_servo_mss_design\mss_tshell_syn.sdc"
Warning: File already exists in project: "C:\Users\waierdg\Desktop\ps2_turret_ir_integration\component\work\turret_servo_mss_design\mss_tshell_syn.sdc"
Warning: File already exists in project: "C:\Users\waierdg\Desktop\ps2_turret_ir_integration\component\work\turret_servo_mss_design\mss_tshell_syn.sdc"
Warning: File already exists in project: "C:\Users\waierdg\Desktop\ps2_turret_ir_integration\component\work\turret_servo_mss_design\mss_tshell_syn.sdc"
Warning: File already exists in project: "C:\Users\waierdg\Desktop\ps2_turret_ir_integration\component\work\turret_servo_mss_design\mss_tshell_syn.sdc"
Warning: File already exists in project: "C:\Users\waierdg\Desktop\ps2_turret_ir_integration\component\work\turret_servo_mss_design\mss_tshell_syn.sdc"
Warning: File already exists in project: "C:\Users\waierdg\Desktop\ps2_turret_ir_integration\component\work\turret_servo_mss_design\mss_tshell_syn.sdc"
Warning: File already exists in project: "C:\Users\waierdg\Desktop\ps2_turret_ir_integration\component\work\turret_servo_mss_design\mss_tshell_syn.sdc"
Warning: File already exists in project: "C:\Users\waierdg\Desktop\ps2_turret_ir_integration\component\work\turret_servo_mss_design\mss_tshell_syn.sdc"
Warning: File already exists in project: "C:\Users\waierdg\Desktop\ps2_turret_ir_integration\component\work\turret_servo_mss_design\mss_tshell_syn.sdc"
Warning: File already exists in project: "C:\Users\waierdg\Desktop\ps2_turret_ir_integration\component\work\turret_servo_mss_design\mss_tshell_syn.sdc"
Warning: File already exists in project: "C:\Users\waierdg\Desktop\ps2_turret_ir_integration\component\work\turret_servo_mss_design\mss_tshell_syn.sdc"
Warning: File already exists in project: "C:\Users\waierdg\Desktop\ps2_turret_ir_integration\component\work\turret_servo_mss_design\mss_tshell_syn.sdc"
Warning: File already exists in project: "C:\Users\waierdg\Desktop\ps2_turret_ir_integration\component\work\turret_servo_mss_design\mss_tshell_syn.sdc"
Warning: File already exists in project: "C:\Users\waierdg\Desktop\ps2_turret_ir_integration\component\work\turret_servo_mss_design\mss_tshell_syn.sdc"
Warning: File already exists in project: "C:\Users\waierdg\Desktop\ps2_turret_ir_integration\component\work\turret_servo_mss_design\mss_tshell_syn.sdc"
Warning: File already exists in project: "C:\Users\waierdg\Desktop\ps2_turret_ir_integration\component\work\turret_servo_mss_design\mss_tshell_syn.sdc"
Warning: File already exists in project: "C:\Users\waierdg\Desktop\ps2_turret_ir_integration\component\work\turret_servo_mss_design\mss_tshell_syn.sdc"
Warning: File already exists in project: "C:\Users\waierdg\Desktop\ps2_turret_ir_integration\component\work\turret_servo_mss_design\mss_tshell_syn.sdc"
Warning: File already exists in project: "C:\Users\waierdg\Desktop\ps2_turret_ir_integration\component\work\turret_servo_mss_design\mss_tshell_syn.sdc"
Warning: File already exists in project: "C:\Users\waierdg\Desktop\ps2_turret_ir_integration\component\work\turret_servo_mss_design\mss_tshell_syn.sdc"
Warning: File already exists in project: "C:\Users\waierdg\Desktop\ps2_turret_ir_integration\component\work\turret_servo_mss_design\mss_tshell_syn.sdc"
Warning: File already exists in project: "C:\Users\waierdg\Desktop\ps2_turret_ir_integration\component\work\turret_servo_mss_design\mss_tshell_syn.sdc"
Warning: File already exists in project: "C:\Users\waierdg\Desktop\ps2_turret_ir_integration\component\work\turret_servo_mss_design\mss_tshell_syn.sdc"
Warning: File already exists in project: "C:\Users\waierdg\Desktop\ps2_turret_ir_integration\component\work\turret_servo_mss_design\mss_tshell_syn.sdc"
Warning: File already exists in project: "C:\Users\waierdg\Desktop\ps2_turret_ir_integration\component\work\turret_servo_mss_design\mss_tshell_syn.sdc"
Warning: File already exists in project: "C:\Users\waierdg\Desktop\ps2_turret_ir_integration\component\work\turret_servo_mss_design\mss_tshell_syn.sdc"
Warning: File already exists in project: "C:\Users\waierdg\Desktop\ps2_turret_ir_integration\component\work\turret_servo_mss_design\mss_tshell_syn.sdc"
Warning: File already exists in project: "C:\Users\waierdg\Desktop\ps2_turret_ir_integration\component\work\turret_servo_mss_design\mss_tshell_syn.sdc"
Warning: File already exists in project: "C:\Users\waierdg\Desktop\ps2_turret_ir_integration\component\work\turret_servo_mss_design\mss_tshell_syn.sdc"
Warning: File already exists in project: "C:\Users\waierdg\Desktop\ps2_turret_ir_integration\component\work\turret_servo_mss_design\mss_tshell_syn.sdc"
Warning: File already exists in project: "C:\Users\waierdg\Desktop\ps2_turret_ir_integration\component\work\turret_servo_mss_design\mss_tshell_syn.sdc"
Warning: File already exists in project: "C:\Users\waierdg\Desktop\ps2_turret_ir_integration\component\work\turret_servo_mss_design\mss_tshell_syn.sdc"
Warning: File already exists in project: "C:\Users\waierdg\Desktop\ps2_turret_ir_integration\component\work\turret_servo_mss_design\mss_tshell_syn.sdc"
Warning: File already exists in project: "C:\Users\waierdg\Desktop\ps2_turret_ir_integration\component\work\turret_servo_mss_design\mss_tshell_syn.sdc"
Warning: File already exists in project: "C:\Users\waierdg\Desktop\ps2_turret_ir_integration\component\work\turret_servo_mss_design\mss_tshell_syn.sdc"
Warning: File already exists in project: "C:\Users\waierdg\Desktop\ps2_turret_ir_integration\component\work\turret_servo_mss_design\mss_tshell_syn.sdc"
Warning: File already exists in project: "C:\Users\waierdg\Desktop\ps2_turret_ir_integration\component\work\turret_servo_mss_design\mss_tshell_syn.sdc"
Warning: File already exists in project: "C:\Users\waierdg\Desktop\ps2_turret_ir_integration\component\work\turret_servo_mss_design\mss_tshell_syn.sdc"
Warning: File already exists in project: "C:\Users\waierdg\Desktop\ps2_turret_ir_integration\component\work\turret_servo_mss_design\mss_tshell_syn.sdc"
Warning: File already exists in project: "C:\Users\waierdg\Desktop\ps2_turret_ir_integration\component\work\turret_servo_mss_design\mss_tshell_syn.sdc"
Warning: File already exists in project: "C:\Users\waierdg\Desktop\ps2_turret_ir_integration\component\work\turret_servo_mss_design\mss_tshell_syn.sdc"
Warning: File already exists in project: "C:\Users\waierdg\Desktop\ps2_turret_ir_integration\component\work\turret_servo_mss_design\mss_tshell_syn.sdc"
Warning: File already exists in project: "C:\Users\waierdg\Desktop\ps2_turret_ir_integration\component\work\turret_servo_mss_design\mss_tshell_syn.sdc"
Warning: File already exists in project: "C:\Users\waierdg\Desktop\ps2_turret_ir_integration\component\work\turret_servo_mss_design\mss_tshell_syn.sdc"
Warning: File already exists in project: "C:\Users\waierdg\Desktop\ps2_turret_ir_integration\component\work\turret_servo_mss_design\mss_tshell_syn.sdc"
Warning: File already exists in project: "C:\Users\waierdg\Desktop\ps2_turret_ir_integration\component\work\turret_servo_mss_design\mss_tshell_syn.sdc"
Warning: File already exists in project: "C:\Users\waierdg\Desktop\ps2_turret_ir_integration\component\work\turret_servo_mss_design\mss_tshell_syn.sdc"
Warning: File already exists in project: "C:\Users\waierdg\Desktop\ps2_turret_ir_integration\component\work\turret_servo_mss_design\mss_tshell_syn.sdc"
Warning: File already exists in project: "C:\Users\waierdg\Desktop\ps2_turret_ir_integration\component\work\turret_servo_mss_design\mss_tshell_syn.sdc"
Warning: File already exists in project: "C:\Users\waierdg\Desktop\ps2_turret_ir_integration\component\work\turret_servo_mss_design\mss_tshell_syn.sdc"
Warning: File already exists in project: "C:\Users\waierdg\Desktop\ps2_turret_ir_integration\component\work\turret_servo_mss_design\mss_tshell_syn.sdc"
Warning: File already exists in project: "C:\Users\waierdg\Desktop\ps2_turret_ir_integration\component\work\turret_servo_mss_design\mss_tshell_syn.sdc"
Warning: File already exists in project: "C:\Users\waierdg\Desktop\ps2_turret_ir_integration\component\work\turret_servo_mss_design\mss_tshell_syn.sdc"
Warning: File already exists in project: "C:\Users\waierdg\Desktop\ps2_turret_ir_integration\component\work\turret_servo_mss_design\mss_tshell_syn.sdc"
Warning: File already exists in project: "C:\Users\waierdg\Desktop\ps2_turret_ir_integration\component\work\turret_servo_mss_design\mss_tshell_syn.sdc"
Warning: File already exists in project: "C:\Users\waierdg\Desktop\ps2_turret_ir_integration\component\work\turret_servo_mss_design\mss_tshell_syn.sdc"
Warning: File already exists in project: "C:\Users\waierdg\Desktop\ps2_turret_ir_integration\component\work\turret_servo_mss_design\mss_tshell_syn.sdc"
Warning: File already exists in project: "C:\Users\waierdg\Desktop\ps2_turret_ir_integration\component\work\turret_servo_mss_design\mss_tshell_syn.sdc"
Warning: File already exists in project: "C:\Users\waierdg\Desktop\ps2_turret_ir_integration\component\work\turret_servo_mss_design\mss_tshell_syn.sdc"
Warning: File already exists in project: "C:\Users\waierdg\Desktop\ps2_turret_ir_integration\component\work\turret_servo_mss_design\mss_tshell_syn.sdc"
Warning: File already exists in project: "C:\Users\waierdg\Desktop\ps2_turret_ir_integration\component\work\turret_servo_mss_design\mss_tshell_syn.sdc"
Warning: File already exists in project: "C:\Users\waierdg\Desktop\ps2_turret_ir_integration\component\work\turret_servo_mss_design\mss_tshell_syn.sdc"
Warning: File already exists in project: "C:\Users\waierdg\Desktop\ps2_turret_ir_integration\component\work\turret_servo_mss_design\mss_tshell_syn.sdc"
Warning: File already exists in project: "C:\Users\waierdg\Desktop\ps2_turret_ir_integration\component\work\turret_servo_mss_design\mss_tshell_syn.sdc"
Warning: File already exists in project: "C:\Users\waierdg\Desktop\ps2_turret_ir_integration\component\work\turret_servo_mss_design\mss_tshell_syn.sdc"
Warning: File already exists in project: "C:\Users\waierdg\Desktop\ps2_turret_ir_integration\component\work\turret_servo_mss_design\mss_tshell_syn.sdc"
Warning: File already exists in project: "C:\Users\waierdg\Desktop\ps2_turret_ir_integration\component\work\turret_servo_mss_design\mss_tshell_syn.sdc"
Warning: File already exists in project: "C:\Users\waierdg\Desktop\ps2_turret_ir_integration\component\work\turret_servo_mss_design\mss_tshell_syn.sdc"
Warning: File already exists in project: "C:\Users\waierdg\Desktop\ps2_turret_ir_integration\component\work\turret_servo_mss_design\mss_tshell_syn.sdc"
Warning: File already exists in project: "C:\Users\waierdg\Desktop\ps2_turret_ir_integration\component\work\turret_servo_mss_design\mss_tshell_syn.sdc"
Warning: File already exists in project: "C:\Users\waierdg\Desktop\ps2_turret_ir_integration\component\work\turret_servo_mss_design\mss_tshell_syn.sdc"
Warning: File already exists in project: "C:\Users\waierdg\Desktop\ps2_turret_ir_integration\component\work\turret_servo_mss_design\mss_tshell_syn.sdc"
Warning: File already exists in project: "C:\Users\waierdg\Desktop\ps2_turret_ir_integration\component\work\turret_servo_mss_design\mss_tshell_syn.sdc"
Warning: File already exists in project: "C:\Users\waierdg\Desktop\ps2_turret_ir_integration\component\work\turret_servo_mss_design\mss_tshell_syn.sdc"
Warning: File already exists in project: "C:\Users\waierdg\Desktop\ps2_turret_ir_integration\component\work\turret_servo_mss_design\mss_tshell_syn.sdc"
Warning: File already exists in project: "C:\Users\waierdg\Desktop\ps2_turret_ir_integration\component\work\turret_servo_mss_design\mss_tshell_syn.sdc"
Warning: File already exists in project: "C:\Users\waierdg\Desktop\ps2_turret_ir_integration\component\work\turret_servo_mss_design\mss_tshell_syn.sdc"
Warning: File already exists in project: "C:\Users\waierdg\Desktop\ps2_turret_ir_integration\component\work\turret_servo_mss_design\mss_tshell_syn.sdc"
Warning: File already exists in project: "C:\Users\waierdg\Desktop\ps2_turret_ir_integration\component\work\turret_servo_mss_design\mss_tshell_syn.sdc"
Warning: File already exists in project: "C:\Users\waierdg\Desktop\ps2_turret_ir_integration\component\work\turret_servo_mss_design\mss_tshell_syn.sdc"
Warning: File already exists in project: "C:\Users\waierdg\Desktop\ps2_turret_ir_integration\component\work\turret_servo_mss_design\mss_tshell_syn.sdc"
Warning: File already exists in project: "C:\Users\waierdg\Desktop\ps2_turret_ir_integration\component\work\turret_servo_mss_design\mss_tshell_syn.sdc"
Warning: File already exists in project: "C:\Users\waierdg\Desktop\ps2_turret_ir_integration\component\work\turret_servo_mss_design\mss_tshell_syn.sdc"
Warning: File already exists in project: "C:\Users\waierdg\Desktop\ps2_turret_ir_integration\component\work\turret_servo_mss_design\mss_tshell_syn.sdc"
Warning: File already exists in project: "C:\Users\waierdg\Desktop\ps2_turret_ir_integration\component\work\turret_servo_mss_design\mss_tshell_syn.sdc"
Warning: File already exists in project: "C:\Users\waierdg\Desktop\ps2_turret_ir_integration\component\work\turret_servo_mss_design\mss_tshell_syn.sdc"
Warning: File already exists in project: "C:\Users\waierdg\Desktop\ps2_turret_ir_integration\component\work\turret_servo_mss_design\mss_tshell_syn.sdc"
Warning: File already exists in project: "C:\Users\waierdg\Desktop\ps2_turret_ir_integration\component\work\turret_servo_mss_design\mss_tshell_syn.sdc"
Warning: File already exists in project: "C:\Users\waierdg\Desktop\ps2_turret_ir_integration\component\work\turret_servo_mss_design\mss_tshell_syn.sdc"
Warning: File already exists in project: "C:\Users\waierdg\Desktop\ps2_turret_ir_integration\component\work\turret_servo_mss_design\mss_tshell_syn.sdc"
Warning: File already exists in project: "C:\Users\waierdg\Desktop\ps2_turret_ir_integration\component\work\turret_servo_mss_design\mss_tshell_syn.sdc"
Warning: File already exists in project: "C:\Users\waierdg\Desktop\ps2_turret_ir_integration\component\work\turret_servo_mss_design\mss_tshell_syn.sdc"
Warning: File already exists in project: "C:\Users\waierdg\Desktop\ps2_turret_ir_integration\component\work\turret_servo_mss_design\mss_tshell_syn.sdc"
Warning: File already exists in project: "C:\Users\waierdg\Desktop\ps2_turret_ir_integration\component\work\turret_servo_mss_design\mss_tshell_syn.sdc"
Warning: File already exists in project: "C:\Users\waierdg\Desktop\ps2_turret_ir_integration\component\work\turret_servo_mss_design\mss_tshell_syn.sdc"
Warning: File already exists in project: "C:\Users\waierdg\Desktop\ps2_turret_ir_integration\component\work\turret_servo_mss_design\mss_tshell_syn.sdc"
Warning: File already exists in project: "C:\Users\waierdg\Desktop\ps2_turret_ir_integration\component\work\turret_servo_mss_design\mss_tshell_syn.sdc"
Warning: File already exists in project: "C:\Users\waierdg\Desktop\ps2_turret_ir_integration\component\work\turret_servo_mss_design\mss_tshell_syn.sdc"
Warning: File already exists in project: "C:\Users\waierdg\Desktop\ps2_turret_ir_integration\component\work\turret_servo_mss_design\mss_tshell_syn.sdc"
Warning: File already exists in project: "C:\Users\waierdg\Desktop\ps2_turret_ir_integration\component\work\turret_servo_mss_design\mss_tshell_syn.sdc"
Warning: File already exists in project: "C:\Users\waierdg\Desktop\ps2_turret_ir_integration\component\work\turret_servo_mss_design\mss_tshell_syn.sdc"
Warning: File already exists in project: "C:\Users\waierdg\Desktop\ps2_turret_ir_integration\component\work\turret_servo_mss_design\mss_tshell_syn.sdc"
Warning: File already exists in project: "C:\Users\waierdg\Desktop\ps2_turret_ir_integration\component\work\turret_servo_mss_design\mss_tshell_syn.sdc"
Warning: File already exists in project: "C:\Users\waierdg\Desktop\ps2_turret_ir_integration\component\work\turret_servo_mss_design\mss_tshell_syn.sdc"
Warning: File already exists in project: "C:\Users\waierdg\Desktop\ps2_turret_ir_integration\component\work\turret_servo_mss_design\mss_tshell_syn.sdc"
Warning: File already exists in project: "C:\Users\waierdg\Desktop\ps2_turret_ir_integration\component\work\turret_servo_mss_design\mss_tshell_syn.sdc"
Warning: File already exists in project: "C:\Users\waierdg\Desktop\ps2_turret_ir_integration\component\work\turret_servo_mss_design\mss_tshell_syn.sdc"
Warning: File already exists in project: "C:\Users\waierdg\Desktop\ps2_turret_ir_integration\component\work\turret_servo_mss_design\mss_tshell_syn.sdc"
Warning: File already exists in project: "C:\Users\waierdg\Desktop\ps2_turret_ir_integration\component\work\turret_servo_mss_design\mss_tshell_syn.sdc"
Warning: File already exists in project: "C:\Users\waierdg\Desktop\ps2_turret_ir_integration\component\work\turret_servo_mss_design\mss_tshell_syn.sdc"
Warning: File already exists in project: "C:\Users\waierdg\Desktop\ps2_turret_ir_integration\component\work\turret_servo_mss_design\mss_tshell_syn.sdc"
Warning: File already exists in project: "C:\Users\waierdg\Desktop\ps2_turret_ir_integration\component\work\turret_servo_mss_design\mss_tshell_syn.sdc"
Warning: File already exists in project: "C:\Users\waierdg\Desktop\ps2_turret_ir_integration\component\work\turret_servo_mss_design\mss_tshell_syn.sdc"
Warning: File already exists in project: "C:\Users\waierdg\Desktop\ps2_turret_ir_integration\component\work\turret_servo_mss_design\mss_tshell_syn.sdc"
Warning: File already exists in project: "C:\Users\waierdg\Desktop\ps2_turret_ir_integration\component\work\turret_servo_mss_design\mss_tshell_syn.sdc"
Warning: File already exists in project: "C:\Users\waierdg\Desktop\ps2_turret_ir_integration\component\work\turret_servo_mss_design\mss_tshell_syn.sdc"
Warning: File already exists in project: "C:\Users\waierdg\Desktop\ps2_turret_ir_integration\component\work\turret_servo_mss_design\mss_tshell_syn.sdc"
Warning: File already exists in project: "C:\Users\waierdg\Desktop\ps2_turret_ir_integration\component\work\turret_servo_mss_design\mss_tshell_syn.sdc"
Warning: File already exists in project: "C:\Users\waierdg\Desktop\ps2_turret_ir_integration\component\work\turret_servo_mss_design\mss_tshell_syn.sdc"
Warning: File already exists in project: "C:\Users\waierdg\Desktop\ps2_turret_ir_integration\component\work\turret_servo_mss_design\mss_tshell_syn.sdc"
Warning: File already exists in project: "C:\Users\waierdg\Desktop\ps2_turret_ir_integration\component\work\turret_servo_mss_design\mss_tshell_syn.sdc"
Warning: File already exists in project: "C:\Users\waierdg\Desktop\ps2_turret_ir_integration\component\work\turret_servo_mss_design\mss_tshell_syn.sdc"
Warning: File already exists in project: "C:\Users\waierdg\Desktop\ps2_turret_ir_integration\component\work\turret_servo_mss_design\mss_tshell_syn.sdc"
Warning: File already exists in project: "C:\Users\waierdg\Desktop\ps2_turret_ir_integration\component\work\turret_servo_mss_design\mss_tshell_syn.sdc"
Warning: File already exists in project: "C:\Users\waierdg\Desktop\ps2_turret_ir_integration\component\work\turret_servo_mss_design\mss_tshell_syn.sdc"
Warning: File already exists in project: "C:\Users\waierdg\Desktop\ps2_turret_ir_integration\component\work\turret_servo_mss_design\mss_tshell_syn.sdc"
Warning: File already exists in project: "C:\Users\waierdg\Desktop\ps2_turret_ir_integration\component\work\turret_servo_mss_design\mss_tshell_syn.sdc"
Warning: File already exists in project: "C:\Users\waierdg\Desktop\ps2_turret_ir_integration\component\work\turret_servo_mss_design\mss_tshell_syn.sdc"
auto_infer_blackbox is not supported in current product.
TCL script complete: "turret_servos_syn.tcl"
New HDL Analyst: enabled
exit status=0
License checkin: synplifypro_actel
