
Starting:    C:\Microsemi\Libero_SoC_v11.9\SynplifyPro\bin64\mbin\synbatch.exe
Install:     C:\Microsemi\Libero_SoC_v11.9\SynplifyPro
Hostname:    EECS373-09
Date:        Tue Apr 16 18:48:48 2019
Version:     L-2016.09M-SP1-5

Arguments:   -product synplify_pro -licensetype synplifypro_actel -batch -log synplify.log turret_servos_syn.tcl
ProductType: synplify_pro

License checkout: synplifypro_actel
License: synplifypro_actel node-locked 
Licensed Vendor: actel
License Option: actel_oem

Running in Vendor Mode


auto_infer_blackbox is not supported in current product.

log file: "C:\Users\rpuyat\Desktop\ps2_turret_ir_integration\synthesis\turret_servos.srr"

Running: synthesis in foreground



Running turret_servos_syn|synthesis


Running: compile (Compile) on turret_servos_syn|synthesis
# Tue Apr 16 18:48:48 2019


Running: compile_flow (Compile Process) on turret_servos_syn|synthesis
# Tue Apr 16 18:48:48 2019


Running: compiler (Compile Input) on turret_servos_syn|synthesis
# Tue Apr 16 18:48:48 2019

Copied C:\Users\rpuyat\Desktop\ps2_turret_ir_integration\synthesis\synwork\turret_servos_comp.srs to C:\Users\rpuyat\Desktop\ps2_turret_ir_integration\synthesis\turret_servos.srs


compiler completed
# Tue Apr 16 18:48:50 2019

Return Code: 0
Run Time:00h:00m:02s


Running: multi_srs_gen (Multi-srs Generator) on turret_servos_syn|synthesis
# Tue Apr 16 18:48:50 2019


multi_srs_gen completed
# Tue Apr 16 18:48:50 2019

Return Code: 0
Run Time:00h:00m:00s

Copied C:\Users\rpuyat\Desktop\ps2_turret_ir_integration\synthesis\synwork\turret_servos_mult.srs to C:\Users\rpuyat\Desktop\ps2_turret_ir_integration\synthesis\turret_servos.srs

Complete: Compile Process on turret_servos_syn|synthesis


Running: premap (Pre-mapping) on turret_servos_syn|synthesis
# Tue Apr 16 18:48:50 2019


premap completed
# Tue Apr 16 18:48:51 2019

Return Code: 0
Run Time:00h:00m:01s

Complete: Compile on turret_servos_syn|synthesis


Running: map (Map) on turret_servos_syn|synthesis
# Tue Apr 16 18:48:51 2019

License granted for 4 parallel jobs


Running: fpga_mapper (Map & Optimize) on turret_servos_syn|synthesis
# Tue Apr 16 18:48:51 2019

Copied C:\Users\rpuyat\Desktop\ps2_turret_ir_integration\synthesis\synwork\turret_servos_m.srm to C:\Users\rpuyat\Desktop\ps2_turret_ir_integration\synthesis\turret_servos.srm


fpga_mapper completed with warnings
# Tue Apr 16 18:48:55 2019

Return Code: 1
Run Time:00h:00m:04s

Complete: Map on turret_servos_syn|synthesis

Complete: Logic Synthesis on turret_servos_syn|synthesis

TCL script complete: "turret_servos_syn.tcl"

exit status=0

exit status=0

License checkin: synplifypro_actel

