Target Part: A2F200M3F_FBGA484_STD
Report for cell BUS_INTERFACE.verilog
  Core Cell usage:
              cell count     area count*area
              AND2    28      1.0       28.0
             AND2A     2      1.0        2.0
              AND3    94      1.0       94.0
               AO1     2      1.0        2.0
              AO13    11      1.0       11.0
              AO1A     1      1.0        1.0
              AO1C    14      1.0       14.0
              AO1D     1      1.0        1.0
              AOI1     4      1.0        4.0
             AOI1A     4      1.0        4.0
             AOI1B    16      1.0       16.0
               AX1    11      1.0       11.0
              AX1A     1      1.0        1.0
              AX1B     2      1.0        2.0
              AX1D     3      1.0        3.0
              BUFF     1      1.0        1.0
               GND     5      0.0        0.0
               INV     2      1.0        2.0
               MX2    10      1.0       10.0
              MX2B    20      1.0       20.0
              NOR2    17      1.0       17.0
             NOR2A    26      1.0       26.0
             NOR2B    41      1.0       41.0
              NOR3     8      1.0        8.0
             NOR3A    13      1.0       13.0
             NOR3B    21      1.0       21.0
             NOR3C    21      1.0       21.0
               OA1     9      1.0        9.0
              OA1A    10      1.0       10.0
              OA1B     2      1.0        2.0
              OA1C     6      1.0        6.0
               OR2     8      1.0        8.0
              OR2A    40      1.0       40.0
              OR2B    12      1.0       12.0
               OR3     2      1.0        2.0
              OR3A     6      1.0        6.0
              OR3B     6      1.0        6.0
              OR3C     6      1.0        6.0
               VCC     5      0.0        0.0
               XA1     2      1.0        2.0
              XA1A    12      1.0       12.0
             XNOR2    36      1.0       36.0
             XNOR3     8      1.0        8.0
              XOR2    64      1.0       64.0
              XOR3     4      1.0        4.0


              DFN1   136      1.0      136.0
                   -----          ----------
             TOTAL   753               743.0


  IO Cell usage:
              cell count
            CLKBUF     1
             INBUF    22
            OUTBUF    36
                   -----
             TOTAL    59


Core Cells         : 743 of 4608 (16%)
IO Cells           : 59

  RAM/ROM Usage Summary
Block Rams : 0 of 8 (0%)

